[2023-09-26 12:36:26] local.ERROR: symlink(): No such file or directory {"exception":"[object] (ErrorException(code: 0): symlink(): No such file or directory at /home/infiqbxj/adeelasgharcv.infinitibits.com/vendor/laravel/framework/src/Illuminate/Filesystem/Filesystem.php:332)
[stacktrace]
#0 [internal function]: Illuminate\\Foundation\\Bootstrap\\HandleExceptions->handleError()
#1 /home/infiqbxj/adeelasgharcv.infinitibits.com/vendor/laravel/framework/src/Illuminate/Filesystem/Filesystem.php(332): symlink()
#2 /home/infiqbxj/adeelasgharcv.infinitibits.com/vendor/laravel/framework/src/Illuminate/Foundation/Console/StorageLinkCommand.php(47): Illuminate\\Filesystem\\Filesystem->link()
#3 /home/infiqbxj/adeelasgharcv.infinitibits.com/vendor/laravel/framework/src/Illuminate/Container/BoundMethod.php(36): Illuminate\\Foundation\\Console\\StorageLinkCommand->handle()
#4 /home/infiqbxj/adeelasgharcv.infinitibits.com/vendor/laravel/framework/src/Illuminate/Container/Util.php(40): Illuminate\\Container\\BoundMethod::Illuminate\\Container\\{closure}()
#5 /home/infiqbxj/adeelasgharcv.infinitibits.com/vendor/laravel/framework/src/Illuminate/Container/BoundMethod.php(93): Illuminate\\Container\\Util::unwrapIfClosure()
#6 /home/infiqbxj/adeelasgharcv.infinitibits.com/vendor/laravel/framework/src/Illuminate/Container/BoundMethod.php(37): Illuminate\\Container\\BoundMethod::callBoundMethod()
#7 /home/infiqbxj/adeelasgharcv.infinitibits.com/vendor/laravel/framework/src/Illuminate/Container/Container.php(653): Illuminate\\Container\\BoundMethod::call()
#8 /home/infiqbxj/adeelasgharcv.infinitibits.com/vendor/laravel/framework/src/Illuminate/Console/Command.php(136): Illuminate\\Container\\Container->call()
#9 /home/infiqbxj/adeelasgharcv.infinitibits.com/vendor/symfony/console/Command/Command.php(298): Illuminate\\Console\\Command->execute()
#10 /home/infiqbxj/adeelasgharcv.infinitibits.com/vendor/laravel/framework/src/Illuminate/Console/Command.php(121): Symfony\\Component\\Console\\Command\\Command->run()
#11 /home/infiqbxj/adeelasgharcv.infinitibits.com/vendor/symfony/console/Application.php(1040): Illuminate\\Console\\Command->run()
#12 /home/infiqbxj/adeelasgharcv.infinitibits.com/vendor/symfony/console/Application.php(301): Symfony\\Component\\Console\\Application->doRunCommand()
#13 /home/infiqbxj/adeelasgharcv.infinitibits.com/vendor/symfony/console/Application.php(171): Symfony\\Component\\Console\\Application->doRun()
#14 /home/infiqbxj/adeelasgharcv.infinitibits.com/vendor/laravel/framework/src/Illuminate/Console/Application.php(94): Symfony\\Component\\Console\\Application->run()
#15 /home/infiqbxj/adeelasgharcv.infinitibits.com/vendor/laravel/framework/src/Illuminate/Foundation/Console/Kernel.php(129): Illuminate\\Console\\Application->run()
#16 /home/infiqbxj/adeelasgharcv.infinitibits.com/artisan(37): Illuminate\\Foundation\\Console\\Kernel->handle()
#17 {main}
"} 
